0 info it worked if it ends with ok
1 verbose cli [ '/usr/local/bin/node',
1 verbose cli   '/usr/local/bin/npm',
1 verbose cli   'install',
1 verbose cli   'pomelo',
1 verbose cli   '-g' ]
2 info using npm@1.4.3
3 info using node@v0.10.26
4 verbose cache add [ 'pomelo', null ]
5 verbose cache add name=undefined spec="pomelo" args=["pomelo",null]
6 verbose parsed url { protocol: null,
6 verbose parsed url   slashes: null,
6 verbose parsed url   auth: null,
6 verbose parsed url   host: null,
6 verbose parsed url   port: null,
6 verbose parsed url   hostname: null,
6 verbose parsed url   hash: null,
6 verbose parsed url   search: null,
6 verbose parsed url   query: null,
6 verbose parsed url   pathname: 'pomelo',
6 verbose parsed url   path: 'pomelo',
6 verbose parsed url   href: 'pomelo' }
7 silly lockFile a3a5fb13-pomelo pomelo
8 verbose lock pomelo /home/rocky/.npm/a3a5fb13-pomelo.lock
9 silly lockFile a3a5fb13-pomelo pomelo
10 silly lockFile a3a5fb13-pomelo pomelo
11 verbose addNamed [ 'pomelo', '' ]
12 verbose addNamed [ null, '*' ]
13 silly lockFile 50ba3076-pomelo pomelo@
14 verbose lock pomelo@ /home/rocky/.npm/50ba3076-pomelo.lock
15 silly addNameRange { name: 'pomelo', range: '*', hasData: false }
16 verbose url raw pomelo
17 verbose url resolving [ 'https://registry.npmjs.org/', './pomelo' ]
18 verbose url resolved https://registry.npmjs.org/pomelo
19 info trying registry request attempt 1 at 21:28:08
20 http GET https://registry.npmjs.org/pomelo
21 http 200 https://registry.npmjs.org/pomelo
22 silly registry.get cb [ 200,
22 silly registry.get   { date: 'Sun, 23 Mar 2014 01:28:09 GMT',
22 silly registry.get     server: 'CouchDB/1.5.0 (Erlang OTP/R16B)',
22 silly registry.get     etag: '"EWM0XYHZXTLBH5Z5CCLG42DN3"',
22 silly registry.get     'content-type': 'application/json',
22 silly registry.get     'cache-control': 'max-age=1',
22 silly registry.get     'content-length': '144725',
22 silly registry.get     'accept-ranges': 'bytes',
22 silly registry.get     via: '1.1 varnish',
22 silly registry.get     age: '0',
22 silly registry.get     'x-served-by': 'cache-v37-ASH',
22 silly registry.get     'x-cache': 'MISS',
22 silly registry.get     'x-cache-hits': '0',
22 silly registry.get     'x-timer': 'S1395538089.580439329,VS0,VE57',
22 silly registry.get     vary: 'Accept',
22 silly registry.get     'keep-alive': 'timeout=10, max=50',
22 silly registry.get     connection: 'Keep-Alive' } ]
23 silly addNameRange number 2 { name: 'pomelo', range: '*', hasData: true }
24 silly addNameRange versions [ 'pomelo',
24 silly addNameRange   [ '0.0.0',
24 silly addNameRange     '0.0.1',
24 silly addNameRange     '0.0.2',
24 silly addNameRange     '0.1.119',
24 silly addNameRange     '0.2.0',
24 silly addNameRange     '0.2.1',
24 silly addNameRange     '0.2.2',
24 silly addNameRange     '0.2.3',
24 silly addNameRange     '0.2.4',
24 silly addNameRange     '0.2.5',
24 silly addNameRange     '0.3.1',
24 silly addNameRange     '0.3.2',
24 silly addNameRange     '0.3.3',
24 silly addNameRange     '0.3.4',
24 silly addNameRange     '0.3.5',
24 silly addNameRange     '0.3.6',
24 silly addNameRange     '0.3.7',
24 silly addNameRange     '0.3.8',
24 silly addNameRange     '0.3.9',
24 silly addNameRange     '0.3.10',
24 silly addNameRange     '0.4.0',
24 silly addNameRange     '0.4.1',
24 silly addNameRange     '0.4.2',
24 silly addNameRange     '0.4.3',
24 silly addNameRange     '0.4.4',
24 silly addNameRange     '0.4.5',
24 silly addNameRange     '0.4.6',
24 silly addNameRange     '0.5.0',
24 silly addNameRange     '0.5.1',
24 silly addNameRange     '0.5.2',
24 silly addNameRange     '0.4.7',
24 silly addNameRange     '0.5.3',
24 silly addNameRange     '0.5.4',
24 silly addNameRange     '0.5.5',
24 silly addNameRange     '0.6.0',
24 silly addNameRange     '0.6.1',
24 silly addNameRange     '0.6.2',
24 silly addNameRange     '0.6.3',
24 silly addNameRange     '0.6.4',
24 silly addNameRange     '0.6.5',
24 silly addNameRange     '0.6.6',
24 silly addNameRange     '0.6.7',
24 silly addNameRange     '0.6.8',
24 silly addNameRange     '0.7.0',
24 silly addNameRange     '0.7.1',
24 silly addNameRange     '0.7.2',
24 silly addNameRange     '0.6.9',
24 silly addNameRange     '0.7.3',
24 silly addNameRange     '0.6.10',
24 silly addNameRange     '0.7.4',
24 silly addNameRange     '0.7.5',
24 silly addNameRange     '0.6.11',
24 silly addNameRange     '0.7.6',
24 silly addNameRange     '0.7.7',
24 silly addNameRange     '0.8.0',
24 silly addNameRange     '0.8.1',
24 silly addNameRange     '0.6.12',
24 silly addNameRange     '0.6.13',
24 silly addNameRange     '0.8.4',
24 silly addNameRange     '0.8.6',
24 silly addNameRange     '0.8.7',
24 silly addNameRange     '0.6.14',
24 silly addNameRange     '0.8.8',
24 silly addNameRange     '0.8.9',
24 silly addNameRange     '0.9.0',
24 silly addNameRange     '0.6.15',
24 silly addNameRange     '0.9.1',
24 silly addNameRange     '0.9.2',
24 silly addNameRange     '0.9.3',
24 silly addNameRange     '0.9.4' ] ]
25 verbose addNamed [ 'pomelo', '0.9.4' ]
26 verbose addNamed [ '0.9.4', '0.9.4' ]
27 silly lockFile f39997eb-pomelo-0-9-4 pomelo@0.9.4
28 verbose lock pomelo@0.9.4 /home/rocky/.npm/f39997eb-pomelo-0-9-4.lock
29 silly lockFile abb0aa5d-pmjs-org-pomelo-pomelo-0-9-4-tgz https://registry.npmjs.org/pomelo/-/pomelo-0.9.4.tgz
30 verbose lock https://registry.npmjs.org/pomelo/-/pomelo-0.9.4.tgz /home/rocky/.npm/abb0aa5d-pmjs-org-pomelo-pomelo-0-9-4-tgz.lock
31 verbose addRemoteTarball [ 'https://registry.npmjs.org/pomelo/-/pomelo-0.9.4.tgz',
31 verbose addRemoteTarball   '57c578b5c3543aaaff18a32ed8d59a48f3599b25' ]
32 info retry fetch attempt 1 at 21:28:09
33 verbose fetch to= /home/rocky/tmp/npm-3160-ldWQ3oGp/1395538089320-0.29762675845995545/tmp.tgz
34 http GET https://registry.npmjs.org/pomelo/-/pomelo-0.9.4.tgz
35 http 200 https://registry.npmjs.org/pomelo/-/pomelo-0.9.4.tgz
36 verbose tar unpack /home/rocky/tmp/npm-3160-ldWQ3oGp/1395538089320-0.29762675845995545/tmp.tgz
37 silly lockFile 30bb1683-9320-0-29762675845995545-package tar:///home/rocky/tmp/npm-3160-ldWQ3oGp/1395538089320-0.29762675845995545/package
38 verbose lock tar:///home/rocky/tmp/npm-3160-ldWQ3oGp/1395538089320-0.29762675845995545/package /home/rocky/.npm/30bb1683-9320-0-29762675845995545-package.lock
39 silly lockFile 5f20a62f-9320-0-29762675845995545-tmp-tgz tar:///home/rocky/tmp/npm-3160-ldWQ3oGp/1395538089320-0.29762675845995545/tmp.tgz
40 verbose lock tar:///home/rocky/tmp/npm-3160-ldWQ3oGp/1395538089320-0.29762675845995545/tmp.tgz /home/rocky/.npm/5f20a62f-9320-0-29762675845995545-tmp-tgz.lock
41 silly gunzTarPerm modes [ '755', '644' ]
42 silly gunzTarPerm extractEntry package.json
43 silly gunzTarPerm extractEntry .npmignore
44 silly gunzTarPerm extractEntry README.md
45 silly gunzTarPerm extractEntry LICENSE
46 silly gunzTarPerm extractEntry gruntfile.js
47 silly gunzTarPerm extractEntry index.js
48 silly gunzTarPerm extractEntry bin/pomelo
49 silly gunzTarPerm extractEntry History.md
50 silly gunzTarPerm extractEntry .jshintrc
51 silly gunzTarPerm extractEntry Makefile
52 silly gunzTarPerm extractEntry lib/application.js
53 silly gunzTarPerm extractEntry lib/index.js
54 silly gunzTarPerm extractEntry lib/pomelo.js
55 silly gunzTarPerm extractEntry lib/connectors/hybridconnector.js
56 silly gunzTarPerm extractEntry lib/connectors/hybridsocket.js
57 silly gunzTarPerm extractEntry lib/connectors/sioconnector.js
58 silly gunzTarPerm extractEntry lib/connectors/siosocket.js
59 silly gunzTarPerm extractEntry lib/connectors/commands/handshake.js
60 silly gunzTarPerm extractEntry lib/connectors/commands/heartbeat.js
61 silly gunzTarPerm extractEntry lib/connectors/commands/kick.js
62 silly gunzTarPerm extractEntry lib/connectors/hybrid/switcher.js
63 silly gunzTarPerm extractEntry lib/connectors/hybrid/tcpprocessor.js
64 silly gunzTarPerm extractEntry lib/connectors/hybrid/tcpsocket.js
65 silly gunzTarPerm extractEntry lib/connectors/hybrid/wsprocessor.js
66 silly gunzTarPerm extractEntry lib/filters/handler/serial.js
67 silly gunzTarPerm extractEntry lib/filters/handler/time.js
68 silly gunzTarPerm extractEntry lib/filters/handler/timeout.js
69 silly gunzTarPerm extractEntry lib/filters/handler/toobusy.js
70 silly gunzTarPerm extractEntry lib/filters/rpc/rpcLog.js
71 silly gunzTarPerm extractEntry lib/filters/rpc/toobusy.js
72 silly gunzTarPerm extractEntry lib/util/appUtil.js
73 silly gunzTarPerm extractEntry lib/util/constants.js
74 silly gunzTarPerm extractEntry lib/util/countDownLatch.js
75 silly gunzTarPerm extractEntry lib/util/events.js
76 silly gunzTarPerm extractEntry lib/util/log.js
77 silly gunzTarPerm extractEntry lib/util/moduleUtil.js
78 silly gunzTarPerm extractEntry lib/util/pathUtil.js
79 silly gunzTarPerm extractEntry lib/util/utils.js
80 silly gunzTarPerm extractEntry lib/common/manager/appManager.js
81 silly gunzTarPerm extractEntry lib/common/manager/taskManager.js
82 silly gunzTarPerm extractEntry lib/common/remote/backend/msgRemote.js
83 silly gunzTarPerm extractEntry lib/common/remote/frontend/channelRemote.js
84 silly gunzTarPerm extractEntry lib/common/remote/frontend/sessionRemote.js
85 silly gunzTarPerm extractEntry lib/common/service/backendSessionService.js
86 silly gunzTarPerm extractEntry lib/common/service/channelService.js
87 silly gunzTarPerm extractEntry lib/common/service/connectionService.js
88 silly gunzTarPerm extractEntry lib/common/service/filterService.js
89 silly gunzTarPerm extractEntry lib/common/service/handlerService.js
90 silly gunzTarPerm extractEntry lib/common/service/sessionService.js
91 silly gunzTarPerm extractEntry lib/modules/console.js
92 silly gunzTarPerm extractEntry lib/modules/masterwatcher.js
93 silly gunzTarPerm extractEntry lib/modules/monitorwatcher.js
94 silly gunzTarPerm extractEntry lib/monitor/monitor.js
95 silly gunzTarPerm extractEntry lib/components/backendSession.js
96 silly gunzTarPerm extractEntry lib/components/connector.js
97 silly gunzTarPerm extractEntry lib/components/dictionary.js
98 silly gunzTarPerm extractEntry lib/components/master.js
99 silly gunzTarPerm extractEntry lib/components/connection.js
100 silly gunzTarPerm extractEntry lib/components/protobuf.js
101 silly gunzTarPerm extractEntry lib/components/proxy.js
102 silly gunzTarPerm extractEntry lib/components/pushScheduler.js
103 silly gunzTarPerm extractEntry lib/components/remote.js
104 silly gunzTarPerm extractEntry lib/components/server.js
105 silly gunzTarPerm extractEntry lib/components/channel.js
106 silly gunzTarPerm extractEntry lib/components/session.js
107 silly gunzTarPerm extractEntry lib/components/monitor.js
108 silly gunzTarPerm extractEntry lib/pushSchedulers/buffer.js
109 silly gunzTarPerm extractEntry lib/pushSchedulers/direct.js
110 silly gunzTarPerm extractEntry lib/server/server.js
111 silly gunzTarPerm extractEntry lib/master/master.js
112 silly gunzTarPerm extractEntry lib/master/starter.js
113 silly gunzTarPerm extractEntry lib/master/watchdog.js
114 silly gunzTarPerm extractEntry AUTHORS
115 silly gunzTarPerm extractEntry template/game-server/package.json
116 silly gunzTarPerm extractEntry template/game-server/app.js
117 silly gunzTarPerm extractEntry template/game-server/app/servers/connector/handler/entryHandler.js
118 silly gunzTarPerm extractEntry template/game-server/app.js.sio
119 silly gunzTarPerm extractEntry template/game-server/config/adminServer.json
120 silly gunzTarPerm extractEntry template/game-server/config/adminUser.json
121 silly gunzTarPerm extractEntry template/game-server/config/clientProtos.json
122 silly gunzTarPerm extractEntry template/game-server/config/dictionary.json
123 silly gunzTarPerm extractEntry template/game-server/config/log4js.json
124 silly gunzTarPerm extractEntry template/game-server/config/master.json
125 silly gunzTarPerm extractEntry template/game-server/config/serverProtos.json
126 silly gunzTarPerm extractEntry template/game-server/config/servers.json
127 silly gunzTarPerm extractEntry template/npm-install.bat
128 silly gunzTarPerm extractEntry template/npm-install.sh
129 silly gunzTarPerm extractEntry template/web-server/package.json
130 silly gunzTarPerm extractEntry template/web-server/app.js
131 silly gunzTarPerm extractEntry template/web-server/bin/component.bat
132 silly gunzTarPerm extractEntry template/web-server/bin/component.sh
133 silly gunzTarPerm extractEntry template/web-server/public/css/base.css
134 silly gunzTarPerm extractEntry template/web-server/public/image/logo.png
135 silly gunzTarPerm extractEntry template/web-server/public/image/sp.png
136 silly gunzTarPerm extractEntry template/web-server/public/index.html
137 silly gunzTarPerm extractEntry template/web-server/public/index.html.sio
138 silly gunzTarPerm extractEntry template/web-server/public/js/lib/pomeloclient.js
139 silly gunzTarPerm extractEntry template/web-server/public/js/lib/socket.io.js
140 silly gunzTarPerm extractEntry template/web-server/public/js/lib/build/build.js
141 silly gunzTarPerm extractEntry template/web-server/public/js/lib/component.json
142 silly gunzTarPerm extractEntry template/web-server/public/js/lib/local/boot/index.js
143 silly gunzTarPerm extractEntry template/web-server/public/js/lib/local/boot/component.json
144 silly gunzTarPerm extractEntry test/application.js
145 silly gunzTarPerm extractEntry test/pomelo.js
146 silly gunzTarPerm extractEntry test/filters/handler/serial.js
147 silly gunzTarPerm extractEntry test/filters/handler/time.js
148 silly gunzTarPerm extractEntry test/filters/handler/timeout.js
149 silly gunzTarPerm extractEntry test/filters/handler/toobusy.js
150 silly gunzTarPerm extractEntry test/filters/rpc/rpcLog.js
151 silly gunzTarPerm extractEntry test/filters/rpc/toobusy.js
152 silly gunzTarPerm extractEntry test/logs/tmp
153 silly gunzTarPerm extractEntry test/manager/mockChannelManager.js
154 silly gunzTarPerm extractEntry test/manager/taskManager.js
155 silly gunzTarPerm extractEntry test/mock-base/.npmignore
156 silly gunzTarPerm extractEntry test/mock-base/app/.npmignore
157 silly gunzTarPerm extractEntry test/mock-base/app/servers/.npmignore
158 silly gunzTarPerm extractEntry test/mock-base/app/servers/.file-start-with-dot
159 silly gunzTarPerm extractEntry test/mock-base/app/servers/.folder-start-with-dot/.npmignore
160 silly gunzTarPerm extractEntry test/mock-base/app/servers/area/.npmignore
161 silly gunzTarPerm extractEntry test/mock-base/app/servers/connector/.npmignore
162 silly gunzTarPerm extractEntry test/mock-base/app/servers/connector/handler/.npmignore
163 silly gunzTarPerm extractEntry test/mock-base/app/servers/connector/remote/.npmignore
164 silly gunzTarPerm extractEntry test/mock-base/app/servers/other-file
165 silly gunzTarPerm extractEntry test/config/log4js.json
166 silly gunzTarPerm extractEntry test/config/master.json
167 silly gunzTarPerm extractEntry test/config/servers.json
168 silly gunzTarPerm extractEntry test/modules/console.js
169 silly gunzTarPerm extractEntry test/util/countDownLatch.js
170 silly gunzTarPerm extractEntry test/util/pathUtil.js
171 silly gunzTarPerm extractEntry test/util/utils.js
172 silly gunzTarPerm extractEntry test/remote/channelRemote.js
173 silly gunzTarPerm extractEntry test/service/channel.js
174 silly gunzTarPerm extractEntry test/service/channelService.js
175 silly gunzTarPerm extractEntry test/service/connectionService.js
176 silly gunzTarPerm extractEntry test/service/filterService.js
177 silly gunzTarPerm extractEntry test/service/handlerService.js
178 silly gunzTarPerm extractEntry test/service/sessionService.js
179 silly gunzTarPerm extractEntry test/mock-plugin/components/mockPlugin.js
180 silly gunzTarPerm extractEntry test/mock-plugin/events/mockEvent.js
181 silly lockFile 30bb1683-9320-0-29762675845995545-package tar:///home/rocky/tmp/npm-3160-ldWQ3oGp/1395538089320-0.29762675845995545/package
182 silly lockFile 30bb1683-9320-0-29762675845995545-package tar:///home/rocky/tmp/npm-3160-ldWQ3oGp/1395538089320-0.29762675845995545/package
183 silly lockFile 5f20a62f-9320-0-29762675845995545-tmp-tgz tar:///home/rocky/tmp/npm-3160-ldWQ3oGp/1395538089320-0.29762675845995545/tmp.tgz
184 silly lockFile 5f20a62f-9320-0-29762675845995545-tmp-tgz tar:///home/rocky/tmp/npm-3160-ldWQ3oGp/1395538089320-0.29762675845995545/tmp.tgz
185 verbose tar pack [ '/home/rocky/.npm/pomelo/0.9.4/package.tgz',
185 verbose tar pack   '/home/rocky/tmp/npm-3160-ldWQ3oGp/1395538089320-0.29762675845995545/package' ]
186 verbose tarball /home/rocky/.npm/pomelo/0.9.4/package.tgz
187 verbose folder /home/rocky/tmp/npm-3160-ldWQ3oGp/1395538089320-0.29762675845995545/package
188 silly lockFile 30bb1683-9320-0-29762675845995545-package tar:///home/rocky/tmp/npm-3160-ldWQ3oGp/1395538089320-0.29762675845995545/package
189 verbose lock tar:///home/rocky/tmp/npm-3160-ldWQ3oGp/1395538089320-0.29762675845995545/package /home/rocky/.npm/30bb1683-9320-0-29762675845995545-package.lock
190 silly lockFile 0e856939-cky-npm-pomelo-0-9-4-package-tgz tar:///home/rocky/.npm/pomelo/0.9.4/package.tgz
191 verbose lock tar:///home/rocky/.npm/pomelo/0.9.4/package.tgz /home/rocky/.npm/0e856939-cky-npm-pomelo-0-9-4-package-tgz.lock
192 silly lockFile 30bb1683-9320-0-29762675845995545-package tar:///home/rocky/tmp/npm-3160-ldWQ3oGp/1395538089320-0.29762675845995545/package
193 silly lockFile 30bb1683-9320-0-29762675845995545-package tar:///home/rocky/tmp/npm-3160-ldWQ3oGp/1395538089320-0.29762675845995545/package
194 silly lockFile 0e856939-cky-npm-pomelo-0-9-4-package-tgz tar:///home/rocky/.npm/pomelo/0.9.4/package.tgz
195 silly lockFile 0e856939-cky-npm-pomelo-0-9-4-package-tgz tar:///home/rocky/.npm/pomelo/0.9.4/package.tgz
196 silly lockFile e0601c91-e-rocky-npm-pomelo-0-9-4-package /home/rocky/.npm/pomelo/0.9.4/package
197 verbose lock /home/rocky/.npm/pomelo/0.9.4/package /home/rocky/.npm/e0601c91-e-rocky-npm-pomelo-0-9-4-package.lock
198 silly lockFile e0601c91-e-rocky-npm-pomelo-0-9-4-package /home/rocky/.npm/pomelo/0.9.4/package
199 silly lockFile e0601c91-e-rocky-npm-pomelo-0-9-4-package /home/rocky/.npm/pomelo/0.9.4/package
200 verbose tar unpack /home/rocky/.npm/pomelo/0.9.4/package.tgz
201 silly lockFile 4ab4646e-e-rocky-npm-pomelo-0-9-4-package tar:///home/rocky/.npm/pomelo/0.9.4/package
202 verbose lock tar:///home/rocky/.npm/pomelo/0.9.4/package /home/rocky/.npm/4ab4646e-e-rocky-npm-pomelo-0-9-4-package.lock
203 silly lockFile 0e856939-cky-npm-pomelo-0-9-4-package-tgz tar:///home/rocky/.npm/pomelo/0.9.4/package.tgz
204 verbose lock tar:///home/rocky/.npm/pomelo/0.9.4/package.tgz /home/rocky/.npm/0e856939-cky-npm-pomelo-0-9-4-package-tgz.lock
205 silly gunzTarPerm modes [ '755', '644' ]
206 silly gunzTarPerm extractEntry package.json
207 silly gunzTarPerm extractEntry .npmignore
208 silly gunzTarPerm extractEntry README.md
209 silly gunzTarPerm extractEntry LICENSE
210 silly gunzTarPerm extractEntry gruntfile.js
211 silly gunzTarPerm extractEntry index.js
212 silly gunzTarPerm extractEntry bin/pomelo
213 silly gunzTarPerm extractEntry History.md
214 silly gunzTarPerm extractEntry .jshintrc
215 silly gunzTarPerm extractEntry Makefile
216 silly gunzTarPerm extractEntry lib/application.js
217 silly gunzTarPerm extractEntry lib/index.js
218 silly gunzTarPerm extractEntry lib/pomelo.js
219 silly gunzTarPerm extractEntry lib/connectors/hybridconnector.js
220 silly gunzTarPerm extractEntry lib/connectors/hybridsocket.js
221 silly gunzTarPerm extractEntry lib/connectors/sioconnector.js
222 silly gunzTarPerm extractEntry lib/connectors/siosocket.js
223 silly gunzTarPerm extractEntry lib/connectors/commands/handshake.js
224 silly gunzTarPerm extractEntry lib/connectors/commands/heartbeat.js
225 silly gunzTarPerm extractEntry lib/connectors/commands/kick.js
226 silly gunzTarPerm extractEntry lib/connectors/hybrid/switcher.js
227 silly gunzTarPerm extractEntry lib/connectors/hybrid/tcpprocessor.js
228 silly gunzTarPerm extractEntry lib/connectors/hybrid/tcpsocket.js
229 silly gunzTarPerm extractEntry lib/connectors/hybrid/wsprocessor.js
230 silly gunzTarPerm extractEntry lib/filters/handler/serial.js
231 silly gunzTarPerm extractEntry lib/filters/handler/time.js
232 silly gunzTarPerm extractEntry lib/filters/handler/timeout.js
233 silly gunzTarPerm extractEntry lib/filters/handler/toobusy.js
234 silly gunzTarPerm extractEntry lib/filters/rpc/rpcLog.js
235 silly gunzTarPerm extractEntry lib/filters/rpc/toobusy.js
236 silly gunzTarPerm extractEntry lib/util/appUtil.js
237 silly gunzTarPerm extractEntry lib/util/constants.js
238 silly gunzTarPerm extractEntry lib/util/countDownLatch.js
239 silly gunzTarPerm extractEntry lib/util/events.js
240 silly gunzTarPerm extractEntry lib/util/log.js
241 silly gunzTarPerm extractEntry lib/util/moduleUtil.js
242 silly gunzTarPerm extractEntry lib/util/pathUtil.js
243 silly gunzTarPerm extractEntry lib/util/utils.js
244 silly gunzTarPerm extractEntry lib/common/manager/appManager.js
245 silly gunzTarPerm extractEntry lib/common/manager/taskManager.js
246 silly gunzTarPerm extractEntry lib/common/remote/backend/msgRemote.js
247 silly gunzTarPerm extractEntry lib/common/remote/frontend/channelRemote.js
248 silly gunzTarPerm extractEntry lib/common/remote/frontend/sessionRemote.js
249 silly gunzTarPerm extractEntry lib/common/service/backendSessionService.js
250 silly gunzTarPerm extractEntry lib/common/service/channelService.js
251 silly gunzTarPerm extractEntry lib/common/service/connectionService.js
252 silly gunzTarPerm extractEntry lib/common/service/filterService.js
253 silly gunzTarPerm extractEntry lib/common/service/handlerService.js
254 silly gunzTarPerm extractEntry lib/common/service/sessionService.js
255 silly gunzTarPerm extractEntry lib/modules/console.js
256 silly gunzTarPerm extractEntry lib/modules/masterwatcher.js
257 silly gunzTarPerm extractEntry lib/modules/monitorwatcher.js
258 silly gunzTarPerm extractEntry lib/monitor/monitor.js
259 silly gunzTarPerm extractEntry lib/components/backendSession.js
260 silly gunzTarPerm extractEntry lib/components/connector.js
261 silly gunzTarPerm extractEntry lib/components/dictionary.js
262 silly gunzTarPerm extractEntry lib/components/master.js
263 silly gunzTarPerm extractEntry lib/components/connection.js
264 silly gunzTarPerm extractEntry lib/components/protobuf.js
265 silly gunzTarPerm extractEntry lib/components/proxy.js
266 silly gunzTarPerm extractEntry lib/components/pushScheduler.js
267 silly gunzTarPerm extractEntry lib/components/remote.js
268 silly gunzTarPerm extractEntry lib/components/server.js
269 silly gunzTarPerm extractEntry lib/components/channel.js
270 silly gunzTarPerm extractEntry lib/components/session.js
271 silly gunzTarPerm extractEntry lib/components/monitor.js
272 silly gunzTarPerm extractEntry lib/pushSchedulers/buffer.js
273 silly gunzTarPerm extractEntry lib/pushSchedulers/direct.js
274 silly gunzTarPerm extractEntry lib/server/server.js
275 silly gunzTarPerm extractEntry lib/master/master.js
276 silly gunzTarPerm extractEntry lib/master/starter.js
277 silly gunzTarPerm extractEntry lib/master/watchdog.js
278 silly gunzTarPerm extractEntry AUTHORS
279 silly gunzTarPerm extractEntry template/game-server/package.json
280 silly gunzTarPerm extractEntry template/game-server/app.js
281 silly gunzTarPerm extractEntry template/game-server/app/servers/connector/handler/entryHandler.js
282 silly gunzTarPerm extractEntry template/game-server/app.js.sio
283 silly gunzTarPerm extractEntry template/game-server/config/adminServer.json
284 silly gunzTarPerm extractEntry template/game-server/config/adminUser.json
285 silly gunzTarPerm extractEntry template/game-server/config/clientProtos.json
286 silly gunzTarPerm extractEntry template/game-server/config/dictionary.json
287 silly gunzTarPerm extractEntry template/game-server/config/log4js.json
288 silly gunzTarPerm extractEntry template/game-server/config/master.json
289 silly gunzTarPerm extractEntry template/game-server/config/serverProtos.json
290 silly gunzTarPerm extractEntry template/game-server/config/servers.json
291 silly gunzTarPerm extractEntry template/npm-install.bat
292 silly gunzTarPerm extractEntry template/npm-install.sh
293 silly gunzTarPerm extractEntry template/web-server/package.json
294 silly gunzTarPerm extractEntry template/web-server/app.js
295 silly gunzTarPerm extractEntry template/web-server/bin/component.bat
296 silly gunzTarPerm extractEntry template/web-server/bin/component.sh
297 silly gunzTarPerm extractEntry template/web-server/public/css/base.css
298 silly gunzTarPerm extractEntry template/web-server/public/image/logo.png
299 silly gunzTarPerm extractEntry template/web-server/public/image/sp.png
300 silly gunzTarPerm extractEntry template/web-server/public/index.html
301 silly gunzTarPerm extractEntry template/web-server/public/index.html.sio
302 silly gunzTarPerm extractEntry template/web-server/public/js/lib/pomeloclient.js
303 silly gunzTarPerm extractEntry template/web-server/public/js/lib/socket.io.js
304 silly gunzTarPerm extractEntry template/web-server/public/js/lib/build/build.js
305 silly gunzTarPerm extractEntry template/web-server/public/js/lib/component.json
306 silly gunzTarPerm extractEntry template/web-server/public/js/lib/local/boot/index.js
307 silly gunzTarPerm extractEntry template/web-server/public/js/lib/local/boot/component.json
308 silly gunzTarPerm extractEntry test/application.js
309 silly gunzTarPerm extractEntry test/pomelo.js
310 silly gunzTarPerm extractEntry test/filters/handler/serial.js
311 silly gunzTarPerm extractEntry test/filters/handler/time.js
312 silly gunzTarPerm extractEntry test/filters/handler/timeout.js
313 silly gunzTarPerm extractEntry test/filters/handler/toobusy.js
314 silly gunzTarPerm extractEntry test/filters/rpc/rpcLog.js
315 silly gunzTarPerm extractEntry test/filters/rpc/toobusy.js
316 silly gunzTarPerm extractEntry test/logs/tmp
317 silly gunzTarPerm extractEntry test/manager/mockChannelManager.js
318 silly gunzTarPerm extractEntry test/manager/taskManager.js
319 silly gunzTarPerm extractEntry test/mock-base/.npmignore
320 silly gunzTarPerm extractEntry test/mock-base/app/.npmignore
321 silly gunzTarPerm extractEntry test/mock-base/app/servers/.npmignore
322 silly gunzTarPerm extractEntry test/mock-base/app/servers/.file-start-with-dot
323 silly gunzTarPerm extractEntry test/mock-base/app/servers/.folder-start-with-dot/.npmignore
324 silly gunzTarPerm extractEntry test/mock-base/app/servers/area/.npmignore
325 silly gunzTarPerm extractEntry test/mock-base/app/servers/connector/.npmignore
326 silly gunzTarPerm extractEntry test/mock-base/app/servers/connector/handler/.npmignore
327 silly gunzTarPerm extractEntry test/mock-base/app/servers/connector/remote/.npmignore
328 silly gunzTarPerm extractEntry test/mock-base/app/servers/other-file
329 silly gunzTarPerm extractEntry test/config/log4js.json
330 silly gunzTarPerm extractEntry test/config/master.json
331 silly gunzTarPerm extractEntry test/config/servers.json
332 silly gunzTarPerm extractEntry test/modules/console.js
333 silly gunzTarPerm extractEntry test/util/countDownLatch.js
334 silly gunzTarPerm extractEntry test/util/pathUtil.js
335 silly gunzTarPerm extractEntry test/util/utils.js
336 silly gunzTarPerm extractEntry test/remote/channelRemote.js
337 silly gunzTarPerm extractEntry test/service/channel.js
338 silly gunzTarPerm extractEntry test/service/channelService.js
339 silly gunzTarPerm extractEntry test/service/connectionService.js
340 silly gunzTarPerm extractEntry test/service/filterService.js
341 silly gunzTarPerm extractEntry test/service/handlerService.js
342 silly gunzTarPerm extractEntry test/service/sessionService.js
343 silly gunzTarPerm extractEntry test/mock-plugin/components/mockPlugin.js
344 silly gunzTarPerm extractEntry test/mock-plugin/events/mockEvent.js
345 silly lockFile 4ab4646e-e-rocky-npm-pomelo-0-9-4-package tar:///home/rocky/.npm/pomelo/0.9.4/package
346 silly lockFile 4ab4646e-e-rocky-npm-pomelo-0-9-4-package tar:///home/rocky/.npm/pomelo/0.9.4/package
347 silly lockFile 0e856939-cky-npm-pomelo-0-9-4-package-tgz tar:///home/rocky/.npm/pomelo/0.9.4/package.tgz
348 silly lockFile 0e856939-cky-npm-pomelo-0-9-4-package-tgz tar:///home/rocky/.npm/pomelo/0.9.4/package.tgz
349 verbose chmod /home/rocky/.npm/pomelo/0.9.4/package.tgz 644
350 verbose chown /home/rocky/.npm/pomelo/0.9.4/package.tgz [ 1000, 1000 ]
351 silly lockFile abb0aa5d-pmjs-org-pomelo-pomelo-0-9-4-tgz https://registry.npmjs.org/pomelo/-/pomelo-0.9.4.tgz
352 silly lockFile abb0aa5d-pmjs-org-pomelo-pomelo-0-9-4-tgz https://registry.npmjs.org/pomelo/-/pomelo-0.9.4.tgz
353 silly lockFile f39997eb-pomelo-0-9-4 pomelo@0.9.4
354 silly lockFile f39997eb-pomelo-0-9-4 pomelo@0.9.4
355 silly lockFile 50ba3076-pomelo pomelo@
356 silly lockFile 50ba3076-pomelo pomelo@
357 silly resolved [ { name: 'pomelo',
357 silly resolved     version: '0.9.4',
357 silly resolved     private: false,
357 silly resolved     homepage: 'https://github.com/NetEase/pomelo',
357 silly resolved     repository: { type: 'git', url: 'https://github.com/NetEase/pomelo.git' },
357 silly resolved     bugs: { url: 'https://github.com/NetEase/pomelo/issues' },
357 silly resolved     licenses: [ [Object] ],
357 silly resolved     keywords: [ 'pomelo', 'framework', 'game', 'web', 'realtime', 'server' ],
357 silly resolved     dependencies:
357 silly resolved      { 'socket.io': '0.9.16',
357 silly resolved        async: '0.2.5',
357 silly resolved        'seq-queue': '0.0.5',
357 silly resolved        crc: '0.2.0',
357 silly resolved        cliff: '0.1.8',
357 silly resolved        mkdirp: '0.3.3',
357 silly resolved        'pomelo-loader': '0.0.6',
357 silly resolved        'pomelo-rpc': '0.3.2',
357 silly resolved        'pomelo-protocol': '0.1.3',
357 silly resolved        'pomelo-admin': '0.3.2',
357 silly resolved        'pomelo-monitor': '0.3.7',
357 silly resolved        'pomelo-logger': '0.1.2',
357 silly resolved        'pomelo-scheduler': '0.3.8',
357 silly resolved        ws: '0.4.25',
357 silly resolved        toobusy: '0.2.4',
357 silly resolved        'pomelo-protobuf': '0.4.0',
357 silly resolved        'node-bignumber': '1.2.1',
357 silly resolved        commander: '2.0.0' },
357 silly resolved     bin: { pomelo: './bin/pomelo' },
357 silly resolved     devDependencies:
357 silly resolved      { should: '>=0.0.1',
357 silly resolved        mocha: '>=0.0.1',
357 silly resolved        'socket.io-client': '>=0.0.1',
357 silly resolved        jscoverage: '>=0.0.1',
357 silly resolved        muk: '>=0.0.1',
357 silly resolved        grunt: '~0.4.2',
357 silly resolved        'grunt-mocha-test': '0.8.x',
357 silly resolved        'grunt-jscoverage': '0.0.3',
357 silly resolved        'grunt-contrib-clean': '0.5.x',
357 silly resolved        'grunt-contrib-jshint': '~0.8.0' },
357 silly resolved     contributors:
357 silly resolved      [ [Object],
357 silly resolved        [Object],
357 silly resolved        [Object],
357 silly resolved        [Object],
357 silly resolved        [Object],
357 silly resolved        [Object],
357 silly resolved        [Object] ],
357 silly resolved     readme: '## Pomelo -- a fast, scalable game server framework for node.js\n\nPomelo is a fast, scalable game server framework for [node.js](http://nodejs.org).\nIt provides the basic development framework and many related components, including libraries and tools.\nPomelo is also suitable for real-time web applications; its distributed architecture makes pomelo scale better than other real-time web frameworks.\n\n * Homepage: <http://pomelo.netease.com/>\n * Mailing list: <https://groups.google.com/group/pomelo>\n * Documentation: <http://github.com/NetEase/pomelo>\n * Wiki: <https://github.com/NetEase/pomelo/wiki/>\n * Issues: <https://github.com/NetEase/pomelo/issues/>\n * Tags: game, nodejs\n\n\n## Features\n\n### Complete support of game server and realtime application server architecture\n\n* Multiple-player game: mobile, social, web, MMO rpg(middle size)\n* Realtime application: chat,  message push, etc.\n\n### Fast, scalable\n\n* Distributed (multi-process) architecture, can be easily scale up\n* Flexible server extension\n* Full performance optimization and test\n\n### Easy\n\n* Simple API: request, response, broadcast, etc.\n* Lightweight: high development efficiency based on node.js\n* Convention over configuration: almost zero config\n\n### Powerful\n\n* Many clients support, including javascript, flash, android, iOS, cocos2d-x, C\n* Many libraries and tools, including command line tool, admin tool, performance test tool, AI, path finding etc.\n* Good reference materials: full docs, many examples and [an open-source MMO RPG demo](https://github.com/NetEase/pomelo/wiki/Introduction-to--Lord-of-Pomelo)\n\n### Extensible\n\n* Support plugin architecture, easy to add new features through plugins. We also provide many plugins like online status, master high availability.\n* Custom features, users can define their own network protocol, custom components very easy.\n\n## Why should I use pomelo?\nFast, scalable, real-time game server development is not an easy job, and a good container or framework can reduce its complexity.\nUnfortunately, unlike web, finding a game server framework solution is difficult, especially an open source solution. Pomelo fills this gap, providing a full solution for building game server frameworks.\nPomelo has the following advantages:\n* The architecture is scalable. It uses a multi-process, single thread runtime architecture, which has been proven in the industry and is especially suited to the node.js thread model.\n* Easy to use, the development model is quite similar to web, using convention over configuration, with almost zero config. The [API](http://pomelo.netease.com/api.html) is also easy to use.\n* The framework is extensible. Based on the node.js micro module principle, the core of pomelo is small. All of the components, libraries and tools are individual npm modules, and anyone can create their own module to extend the framework.\n* The reference materials and documentation are quite complete. In addition to the documentation, we also provide [an open-source MMO RPG demo](https://github.com/NetEase/pomelo/wiki/Introduction-to--Lord-of-Pomelo) (HTML5 client), which is a far better reference material than any book.\n\n## How can I develop with pomelo?\nWith the following references, you can quickly familiarize yourself with the pomelo development process:\n* [Pomelo documents](https://github.com/NetEase/pomelo/wiki)\n* [Getting started](https://github.com/NetEase/pomelo/wiki/Welcome-to-Pomelo)\n* [Tutorial](https://github.com/NetEase/pomelo/wiki/Preface)\n\n\n## Contributors\n* NetEase, Inc. (@NetEase)\n* Peter Johnson(@missinglink)\n* Aaron Yoshitake \n* @D-Deo \n* Eduard Gotwig\n* Eric Muyser(@stokegames)\n* @GeforceLee\n* Harold Jiang(@jzsues)\n* @ETiV\n\n## License\n\n(The MIT License)\n\nCopyright (c) 2012-2013 NetEase, Inc. and other contributors\n\nPermission is hereby granted, free of charge, to any person obtaining\na copy of this software and associated documentation files (the\n\'Software\'), to deal in the Software without restriction, including\nwithout limitation the rights to use, copy, modify, merge, publish,\ndistribute, sublicense, and/or sell copies of the Software, and to\npermit persons to whom the Software is furnished to do so, subject to\nthe following conditions:\n\nThe above copyright notice and this permission notice shall be\nincluded in all copies or substantial portions of the Software.\n\nTHE SOFTWARE IS PROVIDED \'AS IS\', WITHOUT WARRANTY OF ANY KIND,\nEXPRESS OR IMPLIED, INCLUDING BUT NOT LIMITED TO THE WARRANTIES OF\nMERCHANTABILITY, FITNESS FOR A PARTICULAR PURPOSE AND NONINFRINGEMENT.\nIN NO EVENT SHALL THE AUTHORS OR COPYRIGHT HOLDERS BE LIABLE FOR ANY\nCLAIM, DAMAGES OR OTHER LIABILITY, WHETHER IN AN ACTION OF CONTRACT,\nTORT OR OTHERWISE, ARISING FROM, OUT OF OR IN CONNECTION WITH THE\nSOFTWARE OR THE USE OR OTHER DEALINGS IN THE SOFTWARE.\n\n',
357 silly resolved     readmeFilename: 'README.md',
357 silly resolved     description: 'Pomelo is a fast, scalable game server framework for [node.js](http://nodejs.org). It provides the basic development framework and many related components, including libraries and tools. Pomelo is also suitable for real-time web applications; its distributed architecture makes pomelo scale better than other real-time web frameworks.',
357 silly resolved     _id: 'pomelo@0.9.4',
357 silly resolved     dist: { shasum: '57c578b5c3543aaaff18a32ed8d59a48f3599b25' },
357 silly resolved     _from: 'pomelo@',
357 silly resolved     _resolved: 'https://registry.npmjs.org/pomelo/-/pomelo-0.9.4.tgz' } ]
358 info install pomelo@0.9.4 into /usr/local/lib
359 info installOne pomelo@0.9.4
360 info /usr/local/lib/node_modules/pomelo unbuild
361 verbose tar unpack /home/rocky/.npm/pomelo/0.9.4/package.tgz
362 silly lockFile 4794d2b8-sr-local-lib-node-modules-pomelo tar:///usr/local/lib/node_modules/pomelo
363 verbose lock tar:///usr/local/lib/node_modules/pomelo /home/rocky/.npm/4794d2b8-sr-local-lib-node-modules-pomelo.lock
364 silly lockFile 0e856939-cky-npm-pomelo-0-9-4-package-tgz tar:///home/rocky/.npm/pomelo/0.9.4/package.tgz
365 verbose lock tar:///home/rocky/.npm/pomelo/0.9.4/package.tgz /home/rocky/.npm/0e856939-cky-npm-pomelo-0-9-4-package-tgz.lock
366 silly gunzTarPerm modes [ '755', '644' ]
367 error Error: EACCES, mkdir '/usr/local/lib/node_modules/pomelo'
367 error  { [Error: EACCES, mkdir '/usr/local/lib/node_modules/pomelo']
367 error   errno: 3,
367 error   code: 'EACCES',
367 error   path: '/usr/local/lib/node_modules/pomelo',
367 error   fstream_type: 'Directory',
367 error   fstream_path: '/usr/local/lib/node_modules/pomelo',
367 error   fstream_class: 'DirWriter',
367 error   fstream_stack:
367 error    [ '/usr/local/lib/node_modules/npm/node_modules/fstream/lib/dir-writer.js:36:23',
367 error      '/usr/local/lib/node_modules/npm/node_modules/mkdirp/index.js:37:53',
367 error      'Object.oncomplete (fs.js:107:15)' ] }
368 error Please try running this command again as root/Administrator.
369 error System Linux 3.5.0-47-generic
370 error command "/usr/local/bin/node" "/usr/local/bin/npm" "install" "pomelo" "-g"
371 error cwd /home/rocky/log/LearningUbuntu
372 error node -v v0.10.26
373 error npm -v 1.4.3
374 error path /usr/local/lib/node_modules/pomelo
375 error fstream_path /usr/local/lib/node_modules/pomelo
376 error fstream_type Directory
377 error fstream_class DirWriter
378 error code EACCES
379 error errno 3
380 error stack Error: EACCES, mkdir '/usr/local/lib/node_modules/pomelo'
381 error fstream_stack /usr/local/lib/node_modules/npm/node_modules/fstream/lib/dir-writer.js:36:23
381 error fstream_stack /usr/local/lib/node_modules/npm/node_modules/mkdirp/index.js:37:53
381 error fstream_stack Object.oncomplete (fs.js:107:15)
382 verbose exit [ 3, true ]
